\BOOKMARK [1][-]{section.1}{Audio processing}{}% 1
\BOOKMARK [2][-]{subsection.1.1}{LPC}{section.1}% 2
\BOOKMARK [2][-]{subsection.1.2}{Vocoders}{section.1}% 3
\BOOKMARK [2][-]{subsection.1.3}{Frequency-warped LPC}{section.1}% 4
\BOOKMARK [2][-]{subsection.1.4}{Fourier space excitation-filter framework}{section.1}% 5
\BOOKMARK [2][-]{subsection.1.5}{Filterbanks \(overcomplete codebooks?\) for speech analysis}{section.1}% 6
\BOOKMARK [1][-]{section.2}{Optimization and learning}{}% 7
\BOOKMARK [2][-]{subsection.2.1}{LPC optimization}{section.2}% 8
\BOOKMARK [2][-]{subsection.2.2}{L2, L1, Lp minimizations}{section.2}% 9
\BOOKMARK [2][-]{subsection.2.3}{Optimization of mixtures}{section.2}% 10
\BOOKMARK [2][-]{subsection.2.4}{Sparsecoding and compressed sensing}{section.2}% 11
\BOOKMARK [2][-]{subsection.2.5}{LTI filter clustering}{section.2}% 12
\BOOKMARK [1][-]{section.3}{MIR applications}{}% 13
\BOOKMARK [2][-]{subsection.3.1}{Source separation}{section.3}% 14
\BOOKMARK [2][-]{subsection.3.2}{Multiple pitch \(fundamental frequency\) estimation}{section.3}% 15
\BOOKMARK [2][-]{subsection.3.3}{Melody extraction and automatic transcription}{section.3}% 16
\BOOKMARK [2][-]{subsection.3.4}{Chord recognition}{section.3}% 17
\BOOKMARK [2][-]{subsection.3.5}{Instrument recognition}{section.3}% 18
\BOOKMARK [1][-]{section.4}{Datasets}{}% 19
\BOOKMARK [1][-]{section*.1}{References}{}% 20
